<?xml version="1.0" encoding="utf-8"?><testsuites name="pytest tests"><testsuite name="pytest" errors="0" failures="0" skipped="0" tests="20" time="1.505" timestamp="2026-01-30T17:33:22.006182+00:00" hostname="agent-env-ef350d03-e94e-4f76-a542-9d5655fb449a"><testcase classname="backend.tests.test_ixa_digital.TestAdminAuthentication" name="test_admin_login_success" time="0.146" /><testcase classname="backend.tests.test_ixa_digital.TestAdminAuthentication" name="test_admin_login_invalid_password" time="0.106" /><testcase classname="backend.tests.test_ixa_digital.TestAdminAuthentication" name="test_admin_login_invalid_username" time="0.038" /><testcase classname="backend.tests.test_ixa_digital.TestAdminDashboard" name="test_get_dashboard_stats" time="0.143" /><testcase classname="backend.tests.test_ixa_digital.TestAdminDashboard" name="test_stats_unauthorized" time="0.035" /><testcase classname="backend.tests.test_ixa_digital.TestAdminSettings" name="test_get_settings" time="0.140" /><testcase classname="backend.tests.test_ixa_digital.TestAdminSettings" name="test_update_branding_settings" time="0.149" /><testcase classname="backend.tests.test_ixa_digital.TestAdminTickets" name="test_get_all_tickets" time="0.147" /><testcase classname="backend.tests.test_ixa_digital.TestAdminTickets" name="test_tickets_unauthorized" time="0.033" /><testcase classname="backend.tests.test_ixa_digital.TestContactForm" name="test_contact_form_submission" time="0.031" /><testcase classname="backend.tests.test_ixa_digital.TestContactForm" name="test_contact_form_missing_fields" time="0.029" /><testcase classname="backend.tests.test_ixa_digital.TestSupportTickets" name="test_create_support_ticket" time="0.035" /><testcase classname="backend.tests.test_ixa_digital.TestSupportTickets" name="test_create_ticket_missing_fields" time="0.032" /><testcase classname="backend.tests.test_ixa_digital.TestSupportTickets" name="test_track_ticket_valid" time="0.033" /><testcase classname="backend.tests.test_ixa_digital.TestSupportTickets" name="test_track_ticket_invalid" time="0.031" /><testcase classname="backend.tests.test_ixa_digital.TestPublicEndpoints" name="test_branding_endpoint" time="0.031" /><testcase classname="backend.tests.test_ixa_digital.TestPublicEndpoints" name="test_seo_config_endpoint" time="0.030" /><testcase classname="backend.tests.test_ixa_digital.TestPublicEndpoints" name="test_recaptcha_config_endpoint" time="0.036" /><testcase classname="backend.tests.test_ixa_digital.TestFooterCredit" name="test_page_content_endpoint" time="0.035" /><testcase classname="backend.tests.test_ixa_digital.TestAdminSubmissions" name="test_get_all_submissions" time="0.134" /></testsuite></testsuites>